The system is: Linux - 6.0.10_1 - x86_64
Compiling the C compiler identification source file "CMakeCCompilerId.c" succeeded.
Compiler: /bin/cc 
Build flags: 
Id flags:  

The output was:
0


Compilation of the C compiler identification source "CMakeCCompilerId.c" produced "a.out"

The C compiler identification is GNU, found in "/home/tommitah/development/graphics-course/lecture9/build/CMakeFiles/3.25.0/CompilerIdC/a.out"

Compiling the CXX compiler identification source file "CMakeCXXCompilerId.cpp" succeeded.
Compiler: /bin/c++ 
Build flags: 
Id flags:  

The output was:
0


Compilation of the CXX compiler identification source "CMakeCXXCompilerId.cpp" produced "a.out"

The CXX compiler identification is GNU, found in "/home/tommitah/development/graphics-course/lecture9/build/CMakeFiles/3.25.0/CompilerIdCXX/a.out"

Detecting C compiler ABI info compiled with the following output:
Change Dir: /home/tommitah/development/graphics-course/lecture9/build/CMakeFiles/CMakeScratch/TryCompile-Hl97Iy

Run Build Command(s):/bin/make -f Makefile cmTC_1b565/fast && /bin/make  -f CMakeFiles/cmTC_1b565.dir/build.make CMakeFiles/cmTC_1b565.dir/build
make[1]: Entering directory '/home/tommitah/development/graphics-course/lecture9/build/CMakeFiles/CMakeScratch/TryCompile-Hl97Iy'
Building C object CMakeFiles/cmTC_1b565.dir/CMakeCCompilerABI.c.o
/bin/cc   -v -o CMakeFiles/cmTC_1b565.dir/CMakeCCompilerABI.c.o -c /usr/share/cmake-3.25/Modules/CMakeCCompilerABI.c
Reading specs from /usr/lib64/gcc/x86_64-unknown-linux-gnu/10.2.1/specs
COLLECT_GCC=/bin/cc
Target: x86_64-unknown-linux-gnu
Configured with: /builddir/gcc-10.2.1_pre1/configure --build=x86_64-unknown-linux-gnu --enable-gnu-unique-object --enable-vtable-verify --prefix=/usr --mandir=/usr/share/man --infodir=/usr/share/info --libexecdir=/usr/lib64 --libdir=/usr/lib64 --enable-threads=posix --enable-__cxa_atexit --disable-multilib --with-system-zlib --enable-shared --enable-lto --enable-plugins --enable-linker-build-id --disable-werror --disable-nls --enable-default-pie --enable-default-ssp --enable-checking=release --disable-libstdcxx-pch --with-isl --with-linker-hash-style=gnu --disable-sjlj-exceptions --disable-target-libiberty --enable-languages=c,c++,objc,obj-c++,fortran,lto,go,ada
Thread model: posix
Supported LTO compression algorithms: zlib
gcc version 10.2.1 20201203 (GCC) 
COLLECT_GCC_OPTIONS='-v' '-o' 'CMakeFiles/cmTC_1b565.dir/CMakeCCompilerABI.c.o' '-c' '-mtune=generic' '-march=x86-64'
 /usr/lib64/gcc/x86_64-unknown-linux-gnu/10.2.1/cc1 -quiet -v /usr/share/cmake-3.25/Modules/CMakeCCompilerABI.c -quiet -dumpbase CMakeCCompilerABI.c -mtune=generic -march=x86-64 -auxbase-strip CMakeFiles/cmTC_1b565.dir/CMakeCCompilerABI.c.o -version -o /tmp/cc0qyyhf.s
GNU C17 (GCC) version 10.2.1 20201203 (x86_64-unknown-linux-gnu)
	compiled by GNU C version 10.2.1 20201203, GMP version 6.2.0, MPFR version 4.1.0, MPC version 1.1.0, isl version isl-0.21-GMP

GGC heuristics: --param ggc-min-expand=100 --param ggc-min-heapsize=131072
ignoring nonexistent directory "/usr/lib64/gcc/x86_64-unknown-linux-gnu/10.2.1/../../../../x86_64-unknown-linux-gnu/include"
#include "..." search starts here:
#include <...> search starts here:
 /usr/lib64/gcc/x86_64-unknown-linux-gnu/10.2.1/include
 /usr/local/include
 /usr/lib64/gcc/x86_64-unknown-linux-gnu/10.2.1/include-fixed
 /usr/include
End of search list.
GNU C17 (GCC) version 10.2.1 20201203 (x86_64-unknown-linux-gnu)
	compiled by GNU C version 10.2.1 20201203, GMP version 6.2.0, MPFR version 4.1.0, MPC version 1.1.0, isl version isl-0.21-GMP

GGC heuristics: --param ggc-min-expand=100 --param ggc-min-heapsize=131072
Compiler executable checksum: cd9b8a2d760c33d69d07511fa88cb109
COLLECT_GCC_OPTIONS='-v' '-o' 'CMakeFiles/cmTC_1b565.dir/CMakeCCompilerABI.c.o' '-c' '-mtune=generic' '-march=x86-64'
 as -v --64 -o CMakeFiles/cmTC_1b565.dir/CMakeCCompilerABI.c.o /tmp/cc0qyyhf.s
GNU assembler version 2.35.1 (x86_64-unknown-linux-gnu) using BFD version (GNU Binutils) 2.35.1
COMPILER_PATH=/usr/lib64/gcc/x86_64-unknown-linux-gnu/10.2.1/:/usr/lib64/gcc/x86_64-unknown-linux-gnu/10.2.1/:/usr/lib64/gcc/x86_64-unknown-linux-gnu/:/usr/lib64/gcc/x86_64-unknown-linux-gnu/10.2.1/:/usr/lib64/gcc/x86_64-unknown-linux-gnu/
LIBRARY_PATH=/usr/lib64/gcc/x86_64-unknown-linux-gnu/10.2.1/:/usr/lib64/gcc/x86_64-unknown-linux-gnu/10.2.1/../../../../lib64/:/lib/../lib64/:/usr/lib/../lib64/:/usr/lib64/gcc/x86_64-unknown-linux-gnu/10.2.1/../../../:/lib/:/usr/lib/
COLLECT_GCC_OPTIONS='-v' '-o' 'CMakeFiles/cmTC_1b565.dir/CMakeCCompilerABI.c.o' '-c' '-mtune=generic' '-march=x86-64'
Linking C executable cmTC_1b565
/usr/bin/cmake -E cmake_link_script CMakeFiles/cmTC_1b565.dir/link.txt --verbose=1
/bin/cc  -v CMakeFiles/cmTC_1b565.dir/CMakeCCompilerABI.c.o -o cmTC_1b565 
Reading specs from /usr/lib64/gcc/x86_64-unknown-linux-gnu/10.2.1/specs
COLLECT_GCC=/bin/cc
COLLECT_LTO_WRAPPER=/usr/lib64/gcc/x86_64-unknown-linux-gnu/10.2.1/lto-wrapper
Target: x86_64-unknown-linux-gnu
Configured with: /builddir/gcc-10.2.1_pre1/configure --build=x86_64-unknown-linux-gnu --enable-gnu-unique-object --enable-vtable-verify --prefix=/usr --mandir=/usr/share/man --infodir=/usr/share/info --libexecdir=/usr/lib64 --libdir=/usr/lib64 --enable-threads=posix --enable-__cxa_atexit --disable-multilib --with-system-zlib --enable-shared --enable-lto --enable-plugins --enable-linker-build-id --disable-werror --disable-nls --enable-default-pie --enable-default-ssp --enable-checking=release --disable-libstdcxx-pch --with-isl --with-linker-hash-style=gnu --disable-sjlj-exceptions --disable-target-libiberty --enable-languages=c,c++,objc,obj-c++,fortran,lto,go,ada
Thread model: posix
Supported LTO compression algorithms: zlib
gcc version 10.2.1 20201203 (GCC) 
COMPILER_PATH=/usr/lib64/gcc/x86_64-unknown-linux-gnu/10.2.1/:/usr/lib64/gcc/x86_64-unknown-linux-gnu/10.2.1/:/usr/lib64/gcc/x86_64-unknown-linux-gnu/:/usr/lib64/gcc/x86_64-unknown-linux-gnu/10.2.1/:/usr/lib64/gcc/x86_64-unknown-linux-gnu/
LIBRARY_PATH=/usr/lib64/gcc/x86_64-unknown-linux-gnu/10.2.1/:/usr/lib64/gcc/x86_64-unknown-linux-gnu/10.2.1/../../../../lib64/:/lib/../lib64/:/usr/lib/../lib64/:/usr/lib64/gcc/x86_64-unknown-linux-gnu/10.2.1/../../../:/lib/:/usr/lib/
COLLECT_GCC_OPTIONS='-v' '-o' 'cmTC_1b565' '-mtune=generic' '-march=x86-64'
 /usr/lib64/gcc/x86_64-unknown-linux-gnu/10.2.1/collect2 -plugin /usr/lib64/gcc/x86_64-unknown-linux-gnu/10.2.1/liblto_plugin.so -plugin-opt=/usr/lib64/gcc/x86_64-unknown-linux-gnu/10.2.1/lto-wrapper -plugin-opt=-fresolution=/tmp/ccF4c0uJ.res -plugin-opt=-pass-through=-lgcc -plugin-opt=-pass-through=-lgcc_s -plugin-opt=-pass-through=-lc -plugin-opt=-pass-through=-lgcc -plugin-opt=-pass-through=-lgcc_s --build-id --eh-frame-hdr --hash-style=gnu -m elf_x86_64 -dynamic-linker /lib64/ld-linux-x86-64.so.2 -pie -o cmTC_1b565 /usr/lib64/gcc/x86_64-unknown-linux-gnu/10.2.1/../../../../lib64/Scrt1.o /usr/lib64/gcc/x86_64-unknown-linux-gnu/10.2.1/../../../../lib64/crti.o /usr/lib64/gcc/x86_64-unknown-linux-gnu/10.2.1/crtbeginS.o -L/usr/lib64/gcc/x86_64-unknown-linux-gnu/10.2.1 -L/usr/lib64/gcc/x86_64-unknown-linux-gnu/10.2.1/../../../../lib64 -L/lib/../lib64 -L/usr/lib/../lib64 -L/usr/lib64/gcc/x86_64-unknown-linux-gnu/10.2.1/../../.. CMakeFiles/cmTC_1b565.dir/CMakeCCompilerABI.c.o -lgcc --push-state --as-needed -lgcc_s --pop-state -lc -lgcc --push-state --as-needed -lgcc_s --pop-state /usr/lib64/gcc/x86_64-unknown-linux-gnu/10.2.1/crtendS.o /usr/lib64/gcc/x86_64-unknown-linux-gnu/10.2.1/../../../../lib64/crtn.o
COLLECT_GCC_OPTIONS='-v' '-o' 'cmTC_1b565' '-mtune=generic' '-march=x86-64'
make[1]: Leaving directory '/home/tommitah/development/graphics-course/lecture9/build/CMakeFiles/CMakeScratch/TryCompile-Hl97Iy'



Parsed C implicit include dir info from above output: rv=done
  found start of include info
  found start of implicit include info
    add: [/usr/lib64/gcc/x86_64-unknown-linux-gnu/10.2.1/include]
    add: [/usr/local/include]
    add: [/usr/lib64/gcc/x86_64-unknown-linux-gnu/10.2.1/include-fixed]
    add: [/usr/include]
  end of search list found
  collapse include dir [/usr/lib64/gcc/x86_64-unknown-linux-gnu/10.2.1/include] ==> [/usr/lib64/gcc/x86_64-unknown-linux-gnu/10.2.1/include]
  collapse include dir [/usr/local/include] ==> [/usr/local/include]
  collapse include dir [/usr/lib64/gcc/x86_64-unknown-linux-gnu/10.2.1/include-fixed] ==> [/usr/lib64/gcc/x86_64-unknown-linux-gnu/10.2.1/include-fixed]
  collapse include dir [/usr/include] ==> [/usr/include]
  implicit include dirs: [/usr/lib64/gcc/x86_64-unknown-linux-gnu/10.2.1/include;/usr/local/include;/usr/lib64/gcc/x86_64-unknown-linux-gnu/10.2.1/include-fixed;/usr/include]


Parsed C implicit link information from above output:
  link line regex: [^( *|.*[/\])(ld|CMAKE_LINK_STARTFILE-NOTFOUND|([^/\]+-)?ld|collect2)[^/\]*( |$)]
  ignore line: [Change Dir: /home/tommitah/development/graphics-course/lecture9/build/CMakeFiles/CMakeScratch/TryCompile-Hl97Iy]
  ignore line: []
  ignore line: [Run Build Command(s):/bin/make -f Makefile cmTC_1b565/fast && /bin/make  -f CMakeFiles/cmTC_1b565.dir/build.make CMakeFiles/cmTC_1b565.dir/build]
  ignore line: [make[1]: Entering directory '/home/tommitah/development/graphics-course/lecture9/build/CMakeFiles/CMakeScratch/TryCompile-Hl97Iy']
  ignore line: [Building C object CMakeFiles/cmTC_1b565.dir/CMakeCCompilerABI.c.o]
  ignore line: [/bin/cc   -v -o CMakeFiles/cmTC_1b565.dir/CMakeCCompilerABI.c.o -c /usr/share/cmake-3.25/Modules/CMakeCCompilerABI.c]
  ignore line: [Reading specs from /usr/lib64/gcc/x86_64-unknown-linux-gnu/10.2.1/specs]
  ignore line: [COLLECT_GCC=/bin/cc]
  ignore line: [Target: x86_64-unknown-linux-gnu]
  ignore line: [Configured with: /builddir/gcc-10.2.1_pre1/configure --build=x86_64-unknown-linux-gnu --enable-gnu-unique-object --enable-vtable-verify --prefix=/usr --mandir=/usr/share/man --infodir=/usr/share/info --libexecdir=/usr/lib64 --libdir=/usr/lib64 --enable-threads=posix --enable-__cxa_atexit --disable-multilib --with-system-zlib --enable-shared --enable-lto --enable-plugins --enable-linker-build-id --disable-werror --disable-nls --enable-default-pie --enable-default-ssp --enable-checking=release --disable-libstdcxx-pch --with-isl --with-linker-hash-style=gnu --disable-sjlj-exceptions --disable-target-libiberty --enable-languages=c c++ objc obj-c++ fortran lto go ada]
  ignore line: [Thread model: posix]
  ignore line: [Supported LTO compression algorithms: zlib]
  ignore line: [gcc version 10.2.1 20201203 (GCC) ]
  ignore line: [COLLECT_GCC_OPTIONS='-v' '-o' 'CMakeFiles/cmTC_1b565.dir/CMakeCCompilerABI.c.o' '-c' '-mtune=generic' '-march=x86-64']
  ignore line: [ /usr/lib64/gcc/x86_64-unknown-linux-gnu/10.2.1/cc1 -quiet -v /usr/share/cmake-3.25/Modules/CMakeCCompilerABI.c -quiet -dumpbase CMakeCCompilerABI.c -mtune=generic -march=x86-64 -auxbase-strip CMakeFiles/cmTC_1b565.dir/CMakeCCompilerABI.c.o -version -o /tmp/cc0qyyhf.s]
  ignore line: [GNU C17 (GCC) version 10.2.1 20201203 (x86_64-unknown-linux-gnu)]
  ignore line: [	compiled by GNU C version 10.2.1 20201203  GMP version 6.2.0  MPFR version 4.1.0  MPC version 1.1.0  isl version isl-0.21-GMP]
  ignore line: []
  ignore line: [GGC heuristics: --param ggc-min-expand=100 --param ggc-min-heapsize=131072]
  ignore line: [ignoring nonexistent directory "/usr/lib64/gcc/x86_64-unknown-linux-gnu/10.2.1/../../../../x86_64-unknown-linux-gnu/include"]
  ignore line: [#include "..." search starts here:]
  ignore line: [#include <...> search starts here:]
  ignore line: [ /usr/lib64/gcc/x86_64-unknown-linux-gnu/10.2.1/include]
  ignore line: [ /usr/local/include]
  ignore line: [ /usr/lib64/gcc/x86_64-unknown-linux-gnu/10.2.1/include-fixed]
  ignore line: [ /usr/include]
  ignore line: [End of search list.]
  ignore line: [GNU C17 (GCC) version 10.2.1 20201203 (x86_64-unknown-linux-gnu)]
  ignore line: [	compiled by GNU C version 10.2.1 20201203  GMP version 6.2.0  MPFR version 4.1.0  MPC version 1.1.0  isl version isl-0.21-GMP]
  ignore line: []
  ignore line: [GGC heuristics: --param ggc-min-expand=100 --param ggc-min-heapsize=131072]
  ignore line: [Compiler executable checksum: cd9b8a2d760c33d69d07511fa88cb109]
  ignore line: [COLLECT_GCC_OPTIONS='-v' '-o' 'CMakeFiles/cmTC_1b565.dir/CMakeCCompilerABI.c.o' '-c' '-mtune=generic' '-march=x86-64']
  ignore line: [ as -v --64 -o CMakeFiles/cmTC_1b565.dir/CMakeCCompilerABI.c.o /tmp/cc0qyyhf.s]
  ignore line: [GNU assembler version 2.35.1 (x86_64-unknown-linux-gnu) using BFD version (GNU Binutils) 2.35.1]
  ignore line: [COMPILER_PATH=/usr/lib64/gcc/x86_64-unknown-linux-gnu/10.2.1/:/usr/lib64/gcc/x86_64-unknown-linux-gnu/10.2.1/:/usr/lib64/gcc/x86_64-unknown-linux-gnu/:/usr/lib64/gcc/x86_64-unknown-linux-gnu/10.2.1/:/usr/lib64/gcc/x86_64-unknown-linux-gnu/]
  ignore line: [LIBRARY_PATH=/usr/lib64/gcc/x86_64-unknown-linux-gnu/10.2.1/:/usr/lib64/gcc/x86_64-unknown-linux-gnu/10.2.1/../../../../lib64/:/lib/../lib64/:/usr/lib/../lib64/:/usr/lib64/gcc/x86_64-unknown-linux-gnu/10.2.1/../../../:/lib/:/usr/lib/]
  ignore line: [COLLECT_GCC_OPTIONS='-v' '-o' 'CMakeFiles/cmTC_1b565.dir/CMakeCCompilerABI.c.o' '-c' '-mtune=generic' '-march=x86-64']
  ignore line: [Linking C executable cmTC_1b565]
  ignore line: [/usr/bin/cmake -E cmake_link_script CMakeFiles/cmTC_1b565.dir/link.txt --verbose=1]
  ignore line: [/bin/cc  -v CMakeFiles/cmTC_1b565.dir/CMakeCCompilerABI.c.o -o cmTC_1b565 ]
  ignore line: [Reading specs from /usr/lib64/gcc/x86_64-unknown-linux-gnu/10.2.1/specs]
  ignore line: [COLLECT_GCC=/bin/cc]
  ignore line: [COLLECT_LTO_WRAPPER=/usr/lib64/gcc/x86_64-unknown-linux-gnu/10.2.1/lto-wrapper]
  ignore line: [Target: x86_64-unknown-linux-gnu]
  ignore line: [Configured with: /builddir/gcc-10.2.1_pre1/configure --build=x86_64-unknown-linux-gnu --enable-gnu-unique-object --enable-vtable-verify --prefix=/usr --mandir=/usr/share/man --infodir=/usr/share/info --libexecdir=/usr/lib64 --libdir=/usr/lib64 --enable-threads=posix --enable-__cxa_atexit --disable-multilib --with-system-zlib --enable-shared --enable-lto --enable-plugins --enable-linker-build-id --disable-werror --disable-nls --enable-default-pie --enable-default-ssp --enable-checking=release --disable-libstdcxx-pch --with-isl --with-linker-hash-style=gnu --disable-sjlj-exceptions --disable-target-libiberty --enable-languages=c c++ objc obj-c++ fortran lto go ada]
  ignore line: [Thread model: posix]
  ignore line: [Supported LTO compression algorithms: zlib]
  ignore line: [gcc version 10.2.1 20201203 (GCC) ]
  ignore line: [COMPILER_PATH=/usr/lib64/gcc/x86_64-unknown-linux-gnu/10.2.1/:/usr/lib64/gcc/x86_64-unknown-linux-gnu/10.2.1/:/usr/lib64/gcc/x86_64-unknown-linux-gnu/:/usr/lib64/gcc/x86_64-unknown-linux-gnu/10.2.1/:/usr/lib64/gcc/x86_64-unknown-linux-gnu/]
  ignore line: [LIBRARY_PATH=/usr/lib64/gcc/x86_64-unknown-linux-gnu/10.2.1/:/usr/lib64/gcc/x86_64-unknown-linux-gnu/10.2.1/../../../../lib64/:/lib/../lib64/:/usr/lib/../lib64/:/usr/lib64/gcc/x86_64-unknown-linux-gnu/10.2.1/../../../:/lib/:/usr/lib/]
  ignore line: [COLLECT_GCC_OPTIONS='-v' '-o' 'cmTC_1b565' '-mtune=generic' '-march=x86-64']
  link line: [ /usr/lib64/gcc/x86_64-unknown-linux-gnu/10.2.1/collect2 -plugin /usr/lib64/gcc/x86_64-unknown-linux-gnu/10.2.1/liblto_plugin.so -plugin-opt=/usr/lib64/gcc/x86_64-unknown-linux-gnu/10.2.1/lto-wrapper -plugin-opt=-fresolution=/tmp/ccF4c0uJ.res -plugin-opt=-pass-through=-lgcc -plugin-opt=-pass-through=-lgcc_s -plugin-opt=-pass-through=-lc -plugin-opt=-pass-through=-lgcc -plugin-opt=-pass-through=-lgcc_s --build-id --eh-frame-hdr --hash-style=gnu -m elf_x86_64 -dynamic-linker /lib64/ld-linux-x86-64.so.2 -pie -o cmTC_1b565 /usr/lib64/gcc/x86_64-unknown-linux-gnu/10.2.1/../../../../lib64/Scrt1.o /usr/lib64/gcc/x86_64-unknown-linux-gnu/10.2.1/../../../../lib64/crti.o /usr/lib64/gcc/x86_64-unknown-linux-gnu/10.2.1/crtbeginS.o -L/usr/lib64/gcc/x86_64-unknown-linux-gnu/10.2.1 -L/usr/lib64/gcc/x86_64-unknown-linux-gnu/10.2.1/../../../../lib64 -L/lib/../lib64 -L/usr/lib/../lib64 -L/usr/lib64/gcc/x86_64-unknown-linux-gnu/10.2.1/../../.. CMakeFiles/cmTC_1b565.dir/CMakeCCompilerABI.c.o -lgcc --push-state --as-needed -lgcc_s --pop-state -lc -lgcc --push-state --as-needed -lgcc_s --pop-state /usr/lib64/gcc/x86_64-unknown-linux-gnu/10.2.1/crtendS.o /usr/lib64/gcc/x86_64-unknown-linux-gnu/10.2.1/../../../../lib64/crtn.o]
    arg [/usr/lib64/gcc/x86_64-unknown-linux-gnu/10.2.1/collect2] ==> ignore
    arg [-plugin] ==> ignore
    arg [/usr/lib64/gcc/x86_64-unknown-linux-gnu/10.2.1/liblto_plugin.so] ==> ignore
    arg [-plugin-opt=/usr/lib64/gcc/x86_64-unknown-linux-gnu/10.2.1/lto-wrapper] ==> ignore
    arg [-plugin-opt=-fresolution=/tmp/ccF4c0uJ.res] ==> ignore
    arg [-plugin-opt=-pass-through=-lgcc] ==> ignore
    arg [-plugin-opt=-pass-through=-lgcc_s] ==> ignore
    arg [-plugin-opt=-pass-through=-lc] ==> ignore
    arg [-plugin-opt=-pass-through=-lgcc] ==> ignore
    arg [-plugin-opt=-pass-through=-lgcc_s] ==> ignore
    arg [--build-id] ==> ignore
    arg [--eh-frame-hdr] ==> ignore
    arg [--hash-style=gnu] ==> ignore
    arg [-m] ==> ignore
    arg [elf_x86_64] ==> ignore
    arg [-dynamic-linker] ==> ignore
    arg [/lib64/ld-linux-x86-64.so.2] ==> ignore
    arg [-pie] ==> ignore
    arg [-o] ==> ignore
    arg [cmTC_1b565] ==> ignore
    arg [/usr/lib64/gcc/x86_64-unknown-linux-gnu/10.2.1/../../../../lib64/Scrt1.o] ==> obj [/usr/lib64/gcc/x86_64-unknown-linux-gnu/10.2.1/../../../../lib64/Scrt1.o]
    arg [/usr/lib64/gcc/x86_64-unknown-linux-gnu/10.2.1/../../../../lib64/crti.o] ==> obj [/usr/lib64/gcc/x86_64-unknown-linux-gnu/10.2.1/../../../../lib64/crti.o]
    arg [/usr/lib64/gcc/x86_64-unknown-linux-gnu/10.2.1/crtbeginS.o] ==> obj [/usr/lib64/gcc/x86_64-unknown-linux-gnu/10.2.1/crtbeginS.o]
    arg [-L/usr/lib64/gcc/x86_64-unknown-linux-gnu/10.2.1] ==> dir [/usr/lib64/gcc/x86_64-unknown-linux-gnu/10.2.1]
    arg [-L/usr/lib64/gcc/x86_64-unknown-linux-gnu/10.2.1/../../../../lib64] ==> dir [/usr/lib64/gcc/x86_64-unknown-linux-gnu/10.2.1/../../../../lib64]
    arg [-L/lib/../lib64] ==> dir [/lib/../lib64]
    arg [-L/usr/lib/../lib64] ==> dir [/usr/lib/../lib64]
    arg [-L/usr/lib64/gcc/x86_64-unknown-linux-gnu/10.2.1/../../..] ==> dir [/usr/lib64/gcc/x86_64-unknown-linux-gnu/10.2.1/../../..]
    arg [CMakeFiles/cmTC_1b565.dir/CMakeCCompilerABI.c.o] ==> ignore
    arg [-lgcc] ==> lib [gcc]
    arg [--push-state] ==> ignore
    arg [--as-needed] ==> ignore
    arg [-lgcc_s] ==> lib [gcc_s]
    arg [--pop-state] ==> ignore
    arg [-lc] ==> lib [c]
    arg [-lgcc] ==> lib [gcc]
    arg [--push-state] ==> ignore
    arg [--as-needed] ==> ignore
    arg [-lgcc_s] ==> lib [gcc_s]
    arg [--pop-state] ==> ignore
    arg [/usr/lib64/gcc/x86_64-unknown-linux-gnu/10.2.1/crtendS.o] ==> obj [/usr/lib64/gcc/x86_64-unknown-linux-gnu/10.2.1/crtendS.o]
    arg [/usr/lib64/gcc/x86_64-unknown-linux-gnu/10.2.1/../../../../lib64/crtn.o] ==> obj [/usr/lib64/gcc/x86_64-unknown-linux-gnu/10.2.1/../../../../lib64/crtn.o]
  collapse obj [/usr/lib64/gcc/x86_64-unknown-linux-gnu/10.2.1/../../../../lib64/Scrt1.o] ==> [/usr/lib64/Scrt1.o]
  collapse obj [/usr/lib64/gcc/x86_64-unknown-linux-gnu/10.2.1/../../../../lib64/crti.o] ==> [/usr/lib64/crti.o]
  collapse obj [/usr/lib64/gcc/x86_64-unknown-linux-gnu/10.2.1/../../../../lib64/crtn.o] ==> [/usr/lib64/crtn.o]
  collapse library dir [/usr/lib64/gcc/x86_64-unknown-linux-gnu/10.2.1] ==> [/usr/lib64/gcc/x86_64-unknown-linux-gnu/10.2.1]
  collapse library dir [/usr/lib64/gcc/x86_64-unknown-linux-gnu/10.2.1/../../../../lib64] ==> [/usr/lib64]
  collapse library dir [/lib/../lib64] ==> [/lib64]
  collapse library dir [/usr/lib/../lib64] ==> [/usr/lib64]
  collapse library dir [/usr/lib64/gcc/x86_64-unknown-linux-gnu/10.2.1/../../..] ==> [/usr/lib64]
  implicit libs: [gcc;gcc_s;c;gcc;gcc_s]
  implicit objs: [/usr/lib64/Scrt1.o;/usr/lib64/crti.o;/usr/lib64/gcc/x86_64-unknown-linux-gnu/10.2.1/crtbeginS.o;/usr/lib64/gcc/x86_64-unknown-linux-gnu/10.2.1/crtendS.o;/usr/lib64/crtn.o]
  implicit dirs: [/usr/lib64/gcc/x86_64-unknown-linux-gnu/10.2.1;/usr/lib64;/lib64]
  implicit fwks: []


Detecting CXX compiler ABI info compiled with the following output:
Change Dir: /home/tommitah/development/graphics-course/lecture9/build/CMakeFiles/CMakeScratch/TryCompile-G7kwYy

Run Build Command(s):/bin/make -f Makefile cmTC_d54ea/fast && /bin/make  -f CMakeFiles/cmTC_d54ea.dir/build.make CMakeFiles/cmTC_d54ea.dir/build
make[1]: Entering directory '/home/tommitah/development/graphics-course/lecture9/build/CMakeFiles/CMakeScratch/TryCompile-G7kwYy'
Building CXX object CMakeFiles/cmTC_d54ea.dir/CMakeCXXCompilerABI.cpp.o
/bin/c++   -v -o CMakeFiles/cmTC_d54ea.dir/CMakeCXXCompilerABI.cpp.o -c /usr/share/cmake-3.25/Modules/CMakeCXXCompilerABI.cpp
Reading specs from /usr/lib64/gcc/x86_64-unknown-linux-gnu/10.2.1/specs
COLLECT_GCC=/bin/c++
Target: x86_64-unknown-linux-gnu
Configured with: /builddir/gcc-10.2.1_pre1/configure --build=x86_64-unknown-linux-gnu --enable-gnu-unique-object --enable-vtable-verify --prefix=/usr --mandir=/usr/share/man --infodir=/usr/share/info --libexecdir=/usr/lib64 --libdir=/usr/lib64 --enable-threads=posix --enable-__cxa_atexit --disable-multilib --with-system-zlib --enable-shared --enable-lto --enable-plugins --enable-linker-build-id --disable-werror --disable-nls --enable-default-pie --enable-default-ssp --enable-checking=release --disable-libstdcxx-pch --with-isl --with-linker-hash-style=gnu --disable-sjlj-exceptions --disable-target-libiberty --enable-languages=c,c++,objc,obj-c++,fortran,lto,go,ada
Thread model: posix
Supported LTO compression algorithms: zlib
gcc version 10.2.1 20201203 (GCC) 
COLLECT_GCC_OPTIONS='-v' '-o' 'CMakeFiles/cmTC_d54ea.dir/CMakeCXXCompilerABI.cpp.o' '-c' '-shared-libgcc' '-mtune=generic' '-march=x86-64'
 /usr/lib64/gcc/x86_64-unknown-linux-gnu/10.2.1/cc1plus -quiet -v -D_GNU_SOURCE /usr/share/cmake-3.25/Modules/CMakeCXXCompilerABI.cpp -quiet -dumpbase CMakeCXXCompilerABI.cpp -mtune=generic -march=x86-64 -auxbase-strip CMakeFiles/cmTC_d54ea.dir/CMakeCXXCompilerABI.cpp.o -version -o /tmp/ccz739Ul.s
GNU C++14 (GCC) version 10.2.1 20201203 (x86_64-unknown-linux-gnu)
	compiled by GNU C version 10.2.1 20201203, GMP version 6.2.0, MPFR version 4.1.0, MPC version 1.1.0, isl version isl-0.21-GMP

GGC heuristics: --param ggc-min-expand=100 --param ggc-min-heapsize=131072
ignoring nonexistent directory "/usr/lib64/gcc/x86_64-unknown-linux-gnu/10.2.1/../../../../x86_64-unknown-linux-gnu/include"
#include "..." search starts here:
#include <...> search starts here:
 /usr/lib64/gcc/x86_64-unknown-linux-gnu/10.2.1/../../../../include/c++/10.2.1
 /usr/lib64/gcc/x86_64-unknown-linux-gnu/10.2.1/../../../../include/c++/10.2.1/x86_64-unknown-linux-gnu
 /usr/lib64/gcc/x86_64-unknown-linux-gnu/10.2.1/../../../../include/c++/10.2.1/backward
 /usr/lib64/gcc/x86_64-unknown-linux-gnu/10.2.1/include
 /usr/local/include
 /usr/lib64/gcc/x86_64-unknown-linux-gnu/10.2.1/include-fixed
 /usr/include
End of search list.
GNU C++14 (GCC) version 10.2.1 20201203 (x86_64-unknown-linux-gnu)
	compiled by GNU C version 10.2.1 20201203, GMP version 6.2.0, MPFR version 4.1.0, MPC version 1.1.0, isl version isl-0.21-GMP

GGC heuristics: --param ggc-min-expand=100 --param ggc-min-heapsize=131072
Compiler executable checksum: 9ae8d70a088aeda1fc99eee36a345833
COLLECT_GCC_OPTIONS='-v' '-o' 'CMakeFiles/cmTC_d54ea.dir/CMakeCXXCompilerABI.cpp.o' '-c' '-shared-libgcc' '-mtune=generic' '-march=x86-64'
 as -v --64 -o CMakeFiles/cmTC_d54ea.dir/CMakeCXXCompilerABI.cpp.o /tmp/ccz739Ul.s
GNU assembler version 2.35.1 (x86_64-unknown-linux-gnu) using BFD version (GNU Binutils) 2.35.1
COMPILER_PATH=/usr/lib64/gcc/x86_64-unknown-linux-gnu/10.2.1/:/usr/lib64/gcc/x86_64-unknown-linux-gnu/10.2.1/:/usr/lib64/gcc/x86_64-unknown-linux-gnu/:/usr/lib64/gcc/x86_64-unknown-linux-gnu/10.2.1/:/usr/lib64/gcc/x86_64-unknown-linux-gnu/
LIBRARY_PATH=/usr/lib64/gcc/x86_64-unknown-linux-gnu/10.2.1/:/usr/lib64/gcc/x86_64-unknown-linux-gnu/10.2.1/../../../../lib64/:/lib/../lib64/:/usr/lib/../lib64/:/usr/lib64/gcc/x86_64-unknown-linux-gnu/10.2.1/../../../:/lib/:/usr/lib/
COLLECT_GCC_OPTIONS='-v' '-o' 'CMakeFiles/cmTC_d54ea.dir/CMakeCXXCompilerABI.cpp.o' '-c' '-shared-libgcc' '-mtune=generic' '-march=x86-64'
Linking CXX executable cmTC_d54ea
/usr/bin/cmake -E cmake_link_script CMakeFiles/cmTC_d54ea.dir/link.txt --verbose=1
/bin/c++  -v CMakeFiles/cmTC_d54ea.dir/CMakeCXXCompilerABI.cpp.o -o cmTC_d54ea 
Reading specs from /usr/lib64/gcc/x86_64-unknown-linux-gnu/10.2.1/specs
COLLECT_GCC=/bin/c++
COLLECT_LTO_WRAPPER=/usr/lib64/gcc/x86_64-unknown-linux-gnu/10.2.1/lto-wrapper
Target: x86_64-unknown-linux-gnu
Configured with: /builddir/gcc-10.2.1_pre1/configure --build=x86_64-unknown-linux-gnu --enable-gnu-unique-object --enable-vtable-verify --prefix=/usr --mandir=/usr/share/man --infodir=/usr/share/info --libexecdir=/usr/lib64 --libdir=/usr/lib64 --enable-threads=posix --enable-__cxa_atexit --disable-multilib --with-system-zlib --enable-shared --enable-lto --enable-plugins --enable-linker-build-id --disable-werror --disable-nls --enable-default-pie --enable-default-ssp --enable-checking=release --disable-libstdcxx-pch --with-isl --with-linker-hash-style=gnu --disable-sjlj-exceptions --disable-target-libiberty --enable-languages=c,c++,objc,obj-c++,fortran,lto,go,ada
Thread model: posix
Supported LTO compression algorithms: zlib
gcc version 10.2.1 20201203 (GCC) 
COMPILER_PATH=/usr/lib64/gcc/x86_64-unknown-linux-gnu/10.2.1/:/usr/lib64/gcc/x86_64-unknown-linux-gnu/10.2.1/:/usr/lib64/gcc/x86_64-unknown-linux-gnu/:/usr/lib64/gcc/x86_64-unknown-linux-gnu/10.2.1/:/usr/lib64/gcc/x86_64-unknown-linux-gnu/
LIBRARY_PATH=/usr/lib64/gcc/x86_64-unknown-linux-gnu/10.2.1/:/usr/lib64/gcc/x86_64-unknown-linux-gnu/10.2.1/../../../../lib64/:/lib/../lib64/:/usr/lib/../lib64/:/usr/lib64/gcc/x86_64-unknown-linux-gnu/10.2.1/../../../:/lib/:/usr/lib/
COLLECT_GCC_OPTIONS='-v' '-o' 'cmTC_d54ea' '-shared-libgcc' '-mtune=generic' '-march=x86-64'
 /usr/lib64/gcc/x86_64-unknown-linux-gnu/10.2.1/collect2 -plugin /usr/lib64/gcc/x86_64-unknown-linux-gnu/10.2.1/liblto_plugin.so -plugin-opt=/usr/lib64/gcc/x86_64-unknown-linux-gnu/10.2.1/lto-wrapper -plugin-opt=-fresolution=/tmp/ccC5RpuM.res -plugin-opt=-pass-through=-lgcc_s -plugin-opt=-pass-through=-lgcc -plugin-opt=-pass-through=-lc -plugin-opt=-pass-through=-lgcc_s -plugin-opt=-pass-through=-lgcc --build-id --eh-frame-hdr --hash-style=gnu -m elf_x86_64 -dynamic-linker /lib64/ld-linux-x86-64.so.2 -pie -o cmTC_d54ea /usr/lib64/gcc/x86_64-unknown-linux-gnu/10.2.1/../../../../lib64/Scrt1.o /usr/lib64/gcc/x86_64-unknown-linux-gnu/10.2.1/../../../../lib64/crti.o /usr/lib64/gcc/x86_64-unknown-linux-gnu/10.2.1/crtbeginS.o -L/usr/lib64/gcc/x86_64-unknown-linux-gnu/10.2.1 -L/usr/lib64/gcc/x86_64-unknown-linux-gnu/10.2.1/../../../../lib64 -L/lib/../lib64 -L/usr/lib/../lib64 -L/usr/lib64/gcc/x86_64-unknown-linux-gnu/10.2.1/../../.. CMakeFiles/cmTC_d54ea.dir/CMakeCXXCompilerABI.cpp.o -lstdc++ -lm -lgcc_s -lgcc -lc -lgcc_s -lgcc /usr/lib64/gcc/x86_64-unknown-linux-gnu/10.2.1/crtendS.o /usr/lib64/gcc/x86_64-unknown-linux-gnu/10.2.1/../../../../lib64/crtn.o
COLLECT_GCC_OPTIONS='-v' '-o' 'cmTC_d54ea' '-shared-libgcc' '-mtune=generic' '-march=x86-64'
make[1]: Leaving directory '/home/tommitah/development/graphics-course/lecture9/build/CMakeFiles/CMakeScratch/TryCompile-G7kwYy'



Parsed CXX implicit include dir info from above output: rv=done
  found start of include info
  found start of implicit include info
    add: [/usr/lib64/gcc/x86_64-unknown-linux-gnu/10.2.1/../../../../include/c++/10.2.1]
    add: [/usr/lib64/gcc/x86_64-unknown-linux-gnu/10.2.1/../../../../include/c++/10.2.1/x86_64-unknown-linux-gnu]
    add: [/usr/lib64/gcc/x86_64-unknown-linux-gnu/10.2.1/../../../../include/c++/10.2.1/backward]
    add: [/usr/lib64/gcc/x86_64-unknown-linux-gnu/10.2.1/include]
    add: [/usr/local/include]
    add: [/usr/lib64/gcc/x86_64-unknown-linux-gnu/10.2.1/include-fixed]
    add: [/usr/include]
  end of search list found
  collapse include dir [/usr/lib64/gcc/x86_64-unknown-linux-gnu/10.2.1/../../../../include/c++/10.2.1] ==> [/usr/include/c++/10.2.1]
  collapse include dir [/usr/lib64/gcc/x86_64-unknown-linux-gnu/10.2.1/../../../../include/c++/10.2.1/x86_64-unknown-linux-gnu] ==> [/usr/include/c++/10.2.1/x86_64-unknown-linux-gnu]
  collapse include dir [/usr/lib64/gcc/x86_64-unknown-linux-gnu/10.2.1/../../../../include/c++/10.2.1/backward] ==> [/usr/include/c++/10.2.1/backward]
  collapse include dir [/usr/lib64/gcc/x86_64-unknown-linux-gnu/10.2.1/include] ==> [/usr/lib64/gcc/x86_64-unknown-linux-gnu/10.2.1/include]
  collapse include dir [/usr/local/include] ==> [/usr/local/include]
  collapse include dir [/usr/lib64/gcc/x86_64-unknown-linux-gnu/10.2.1/include-fixed] ==> [/usr/lib64/gcc/x86_64-unknown-linux-gnu/10.2.1/include-fixed]
  collapse include dir [/usr/include] ==> [/usr/include]
  implicit include dirs: [/usr/include/c++/10.2.1;/usr/include/c++/10.2.1/x86_64-unknown-linux-gnu;/usr/include/c++/10.2.1/backward;/usr/lib64/gcc/x86_64-unknown-linux-gnu/10.2.1/include;/usr/local/include;/usr/lib64/gcc/x86_64-unknown-linux-gnu/10.2.1/include-fixed;/usr/include]


Parsed CXX implicit link information from above output:
  link line regex: [^( *|.*[/\])(ld|CMAKE_LINK_STARTFILE-NOTFOUND|([^/\]+-)?ld|collect2)[^/\]*( |$)]
  ignore line: [Change Dir: /home/tommitah/development/graphics-course/lecture9/build/CMakeFiles/CMakeScratch/TryCompile-G7kwYy]
  ignore line: []
  ignore line: [Run Build Command(s):/bin/make -f Makefile cmTC_d54ea/fast && /bin/make  -f CMakeFiles/cmTC_d54ea.dir/build.make CMakeFiles/cmTC_d54ea.dir/build]
  ignore line: [make[1]: Entering directory '/home/tommitah/development/graphics-course/lecture9/build/CMakeFiles/CMakeScratch/TryCompile-G7kwYy']
  ignore line: [Building CXX object CMakeFiles/cmTC_d54ea.dir/CMakeCXXCompilerABI.cpp.o]
  ignore line: [/bin/c++   -v -o CMakeFiles/cmTC_d54ea.dir/CMakeCXXCompilerABI.cpp.o -c /usr/share/cmake-3.25/Modules/CMakeCXXCompilerABI.cpp]
  ignore line: [Reading specs from /usr/lib64/gcc/x86_64-unknown-linux-gnu/10.2.1/specs]
  ignore line: [COLLECT_GCC=/bin/c++]
  ignore line: [Target: x86_64-unknown-linux-gnu]
  ignore line: [Configured with: /builddir/gcc-10.2.1_pre1/configure --build=x86_64-unknown-linux-gnu --enable-gnu-unique-object --enable-vtable-verify --prefix=/usr --mandir=/usr/share/man --infodir=/usr/share/info --libexecdir=/usr/lib64 --libdir=/usr/lib64 --enable-threads=posix --enable-__cxa_atexit --disable-multilib --with-system-zlib --enable-shared --enable-lto --enable-plugins --enable-linker-build-id --disable-werror --disable-nls --enable-default-pie --enable-default-ssp --enable-checking=release --disable-libstdcxx-pch --with-isl --with-linker-hash-style=gnu --disable-sjlj-exceptions --disable-target-libiberty --enable-languages=c c++ objc obj-c++ fortran lto go ada]
  ignore line: [Thread model: posix]
  ignore line: [Supported LTO compression algorithms: zlib]
  ignore line: [gcc version 10.2.1 20201203 (GCC) ]
  ignore line: [COLLECT_GCC_OPTIONS='-v' '-o' 'CMakeFiles/cmTC_d54ea.dir/CMakeCXXCompilerABI.cpp.o' '-c' '-shared-libgcc' '-mtune=generic' '-march=x86-64']
  ignore line: [ /usr/lib64/gcc/x86_64-unknown-linux-gnu/10.2.1/cc1plus -quiet -v -D_GNU_SOURCE /usr/share/cmake-3.25/Modules/CMakeCXXCompilerABI.cpp -quiet -dumpbase CMakeCXXCompilerABI.cpp -mtune=generic -march=x86-64 -auxbase-strip CMakeFiles/cmTC_d54ea.dir/CMakeCXXCompilerABI.cpp.o -version -o /tmp/ccz739Ul.s]
  ignore line: [GNU C++14 (GCC) version 10.2.1 20201203 (x86_64-unknown-linux-gnu)]
  ignore line: [	compiled by GNU C version 10.2.1 20201203  GMP version 6.2.0  MPFR version 4.1.0  MPC version 1.1.0  isl version isl-0.21-GMP]
  ignore line: []
  ignore line: [GGC heuristics: --param ggc-min-expand=100 --param ggc-min-heapsize=131072]
  ignore line: [ignoring nonexistent directory "/usr/lib64/gcc/x86_64-unknown-linux-gnu/10.2.1/../../../../x86_64-unknown-linux-gnu/include"]
  ignore line: [#include "..." search starts here:]
  ignore line: [#include <...> search starts here:]
  ignore line: [ /usr/lib64/gcc/x86_64-unknown-linux-gnu/10.2.1/../../../../include/c++/10.2.1]
  ignore line: [ /usr/lib64/gcc/x86_64-unknown-linux-gnu/10.2.1/../../../../include/c++/10.2.1/x86_64-unknown-linux-gnu]
  ignore line: [ /usr/lib64/gcc/x86_64-unknown-linux-gnu/10.2.1/../../../../include/c++/10.2.1/backward]
  ignore line: [ /usr/lib64/gcc/x86_64-unknown-linux-gnu/10.2.1/include]
  ignore line: [ /usr/local/include]
  ignore line: [ /usr/lib64/gcc/x86_64-unknown-linux-gnu/10.2.1/include-fixed]
  ignore line: [ /usr/include]
  ignore line: [End of search list.]
  ignore line: [GNU C++14 (GCC) version 10.2.1 20201203 (x86_64-unknown-linux-gnu)]
  ignore line: [	compiled by GNU C version 10.2.1 20201203  GMP version 6.2.0  MPFR version 4.1.0  MPC version 1.1.0  isl version isl-0.21-GMP]
  ignore line: []
  ignore line: [GGC heuristics: --param ggc-min-expand=100 --param ggc-min-heapsize=131072]
  ignore line: [Compiler executable checksum: 9ae8d70a088aeda1fc99eee36a345833]
  ignore line: [COLLECT_GCC_OPTIONS='-v' '-o' 'CMakeFiles/cmTC_d54ea.dir/CMakeCXXCompilerABI.cpp.o' '-c' '-shared-libgcc' '-mtune=generic' '-march=x86-64']
  ignore line: [ as -v --64 -o CMakeFiles/cmTC_d54ea.dir/CMakeCXXCompilerABI.cpp.o /tmp/ccz739Ul.s]
  ignore line: [GNU assembler version 2.35.1 (x86_64-unknown-linux-gnu) using BFD version (GNU Binutils) 2.35.1]
  ignore line: [COMPILER_PATH=/usr/lib64/gcc/x86_64-unknown-linux-gnu/10.2.1/:/usr/lib64/gcc/x86_64-unknown-linux-gnu/10.2.1/:/usr/lib64/gcc/x86_64-unknown-linux-gnu/:/usr/lib64/gcc/x86_64-unknown-linux-gnu/10.2.1/:/usr/lib64/gcc/x86_64-unknown-linux-gnu/]
  ignore line: [LIBRARY_PATH=/usr/lib64/gcc/x86_64-unknown-linux-gnu/10.2.1/:/usr/lib64/gcc/x86_64-unknown-linux-gnu/10.2.1/../../../../lib64/:/lib/../lib64/:/usr/lib/../lib64/:/usr/lib64/gcc/x86_64-unknown-linux-gnu/10.2.1/../../../:/lib/:/usr/lib/]
  ignore line: [COLLECT_GCC_OPTIONS='-v' '-o' 'CMakeFiles/cmTC_d54ea.dir/CMakeCXXCompilerABI.cpp.o' '-c' '-shared-libgcc' '-mtune=generic' '-march=x86-64']
  ignore line: [Linking CXX executable cmTC_d54ea]
  ignore line: [/usr/bin/cmake -E cmake_link_script CMakeFiles/cmTC_d54ea.dir/link.txt --verbose=1]
  ignore line: [/bin/c++  -v CMakeFiles/cmTC_d54ea.dir/CMakeCXXCompilerABI.cpp.o -o cmTC_d54ea ]
  ignore line: [Reading specs from /usr/lib64/gcc/x86_64-unknown-linux-gnu/10.2.1/specs]
  ignore line: [COLLECT_GCC=/bin/c++]
  ignore line: [COLLECT_LTO_WRAPPER=/usr/lib64/gcc/x86_64-unknown-linux-gnu/10.2.1/lto-wrapper]
  ignore line: [Target: x86_64-unknown-linux-gnu]
  ignore line: [Configured with: /builddir/gcc-10.2.1_pre1/configure --build=x86_64-unknown-linux-gnu --enable-gnu-unique-object --enable-vtable-verify --prefix=/usr --mandir=/usr/share/man --infodir=/usr/share/info --libexecdir=/usr/lib64 --libdir=/usr/lib64 --enable-threads=posix --enable-__cxa_atexit --disable-multilib --with-system-zlib --enable-shared --enable-lto --enable-plugins --enable-linker-build-id --disable-werror --disable-nls --enable-default-pie --enable-default-ssp --enable-checking=release --disable-libstdcxx-pch --with-isl --with-linker-hash-style=gnu --disable-sjlj-exceptions --disable-target-libiberty --enable-languages=c c++ objc obj-c++ fortran lto go ada]
  ignore line: [Thread model: posix]
  ignore line: [Supported LTO compression algorithms: zlib]
  ignore line: [gcc version 10.2.1 20201203 (GCC) ]
  ignore line: [COMPILER_PATH=/usr/lib64/gcc/x86_64-unknown-linux-gnu/10.2.1/:/usr/lib64/gcc/x86_64-unknown-linux-gnu/10.2.1/:/usr/lib64/gcc/x86_64-unknown-linux-gnu/:/usr/lib64/gcc/x86_64-unknown-linux-gnu/10.2.1/:/usr/lib64/gcc/x86_64-unknown-linux-gnu/]
  ignore line: [LIBRARY_PATH=/usr/lib64/gcc/x86_64-unknown-linux-gnu/10.2.1/:/usr/lib64/gcc/x86_64-unknown-linux-gnu/10.2.1/../../../../lib64/:/lib/../lib64/:/usr/lib/../lib64/:/usr/lib64/gcc/x86_64-unknown-linux-gnu/10.2.1/../../../:/lib/:/usr/lib/]
  ignore line: [COLLECT_GCC_OPTIONS='-v' '-o' 'cmTC_d54ea' '-shared-libgcc' '-mtune=generic' '-march=x86-64']
  link line: [ /usr/lib64/gcc/x86_64-unknown-linux-gnu/10.2.1/collect2 -plugin /usr/lib64/gcc/x86_64-unknown-linux-gnu/10.2.1/liblto_plugin.so -plugin-opt=/usr/lib64/gcc/x86_64-unknown-linux-gnu/10.2.1/lto-wrapper -plugin-opt=-fresolution=/tmp/ccC5RpuM.res -plugin-opt=-pass-through=-lgcc_s -plugin-opt=-pass-through=-lgcc -plugin-opt=-pass-through=-lc -plugin-opt=-pass-through=-lgcc_s -plugin-opt=-pass-through=-lgcc --build-id --eh-frame-hdr --hash-style=gnu -m elf_x86_64 -dynamic-linker /lib64/ld-linux-x86-64.so.2 -pie -o cmTC_d54ea /usr/lib64/gcc/x86_64-unknown-linux-gnu/10.2.1/../../../../lib64/Scrt1.o /usr/lib64/gcc/x86_64-unknown-linux-gnu/10.2.1/../../../../lib64/crti.o /usr/lib64/gcc/x86_64-unknown-linux-gnu/10.2.1/crtbeginS.o -L/usr/lib64/gcc/x86_64-unknown-linux-gnu/10.2.1 -L/usr/lib64/gcc/x86_64-unknown-linux-gnu/10.2.1/../../../../lib64 -L/lib/../lib64 -L/usr/lib/../lib64 -L/usr/lib64/gcc/x86_64-unknown-linux-gnu/10.2.1/../../.. CMakeFiles/cmTC_d54ea.dir/CMakeCXXCompilerABI.cpp.o -lstdc++ -lm -lgcc_s -lgcc -lc -lgcc_s -lgcc /usr/lib64/gcc/x86_64-unknown-linux-gnu/10.2.1/crtendS.o /usr/lib64/gcc/x86_64-unknown-linux-gnu/10.2.1/../../../../lib64/crtn.o]
    arg [/usr/lib64/gcc/x86_64-unknown-linux-gnu/10.2.1/collect2] ==> ignore
    arg [-plugin] ==> ignore
    arg [/usr/lib64/gcc/x86_64-unknown-linux-gnu/10.2.1/liblto_plugin.so] ==> ignore
    arg [-plugin-opt=/usr/lib64/gcc/x86_64-unknown-linux-gnu/10.2.1/lto-wrapper] ==> ignore
    arg [-plugin-opt=-fresolution=/tmp/ccC5RpuM.res] ==> ignore
    arg [-plugin-opt=-pass-through=-lgcc_s] ==> ignore
    arg [-plugin-opt=-pass-through=-lgcc] ==> ignore
    arg [-plugin-opt=-pass-through=-lc] ==> ignore
    arg [-plugin-opt=-pass-through=-lgcc_s] ==> ignore
    arg [-plugin-opt=-pass-through=-lgcc] ==> ignore
    arg [--build-id] ==> ignore
    arg [--eh-frame-hdr] ==> ignore
    arg [--hash-style=gnu] ==> ignore
    arg [-m] ==> ignore
    arg [elf_x86_64] ==> ignore
    arg [-dynamic-linker] ==> ignore
    arg [/lib64/ld-linux-x86-64.so.2] ==> ignore
    arg [-pie] ==> ignore
    arg [-o] ==> ignore
    arg [cmTC_d54ea] ==> ignore
    arg [/usr/lib64/gcc/x86_64-unknown-linux-gnu/10.2.1/../../../../lib64/Scrt1.o] ==> obj [/usr/lib64/gcc/x86_64-unknown-linux-gnu/10.2.1/../../../../lib64/Scrt1.o]
    arg [/usr/lib64/gcc/x86_64-unknown-linux-gnu/10.2.1/../../../../lib64/crti.o] ==> obj [/usr/lib64/gcc/x86_64-unknown-linux-gnu/10.2.1/../../../../lib64/crti.o]
    arg [/usr/lib64/gcc/x86_64-unknown-linux-gnu/10.2.1/crtbeginS.o] ==> obj [/usr/lib64/gcc/x86_64-unknown-linux-gnu/10.2.1/crtbeginS.o]
    arg [-L/usr/lib64/gcc/x86_64-unknown-linux-gnu/10.2.1] ==> dir [/usr/lib64/gcc/x86_64-unknown-linux-gnu/10.2.1]
    arg [-L/usr/lib64/gcc/x86_64-unknown-linux-gnu/10.2.1/../../../../lib64] ==> dir [/usr/lib64/gcc/x86_64-unknown-linux-gnu/10.2.1/../../../../lib64]
    arg [-L/lib/../lib64] ==> dir [/lib/../lib64]
    arg [-L/usr/lib/../lib64] ==> dir [/usr/lib/../lib64]
    arg [-L/usr/lib64/gcc/x86_64-unknown-linux-gnu/10.2.1/../../..] ==> dir [/usr/lib64/gcc/x86_64-unknown-linux-gnu/10.2.1/../../..]
    arg [CMakeFiles/cmTC_d54ea.dir/CMakeCXXCompilerABI.cpp.o] ==> ignore
    arg [-lstdc++] ==> lib [stdc++]
    arg [-lm] ==> lib [m]
    arg [-lgcc_s] ==> lib [gcc_s]
    arg [-lgcc] ==> lib [gcc]
    arg [-lc] ==> lib [c]
    arg [-lgcc_s] ==> lib [gcc_s]
    arg [-lgcc] ==> lib [gcc]
    arg [/usr/lib64/gcc/x86_64-unknown-linux-gnu/10.2.1/crtendS.o] ==> obj [/usr/lib64/gcc/x86_64-unknown-linux-gnu/10.2.1/crtendS.o]
    arg [/usr/lib64/gcc/x86_64-unknown-linux-gnu/10.2.1/../../../../lib64/crtn.o] ==> obj [/usr/lib64/gcc/x86_64-unknown-linux-gnu/10.2.1/../../../../lib64/crtn.o]
  collapse obj [/usr/lib64/gcc/x86_64-unknown-linux-gnu/10.2.1/../../../../lib64/Scrt1.o] ==> [/usr/lib64/Scrt1.o]
  collapse obj [/usr/lib64/gcc/x86_64-unknown-linux-gnu/10.2.1/../../../../lib64/crti.o] ==> [/usr/lib64/crti.o]
  collapse obj [/usr/lib64/gcc/x86_64-unknown-linux-gnu/10.2.1/../../../../lib64/crtn.o] ==> [/usr/lib64/crtn.o]
  collapse library dir [/usr/lib64/gcc/x86_64-unknown-linux-gnu/10.2.1] ==> [/usr/lib64/gcc/x86_64-unknown-linux-gnu/10.2.1]
  collapse library dir [/usr/lib64/gcc/x86_64-unknown-linux-gnu/10.2.1/../../../../lib64] ==> [/usr/lib64]
  collapse library dir [/lib/../lib64] ==> [/lib64]
  collapse library dir [/usr/lib/../lib64] ==> [/usr/lib64]
  collapse library dir [/usr/lib64/gcc/x86_64-unknown-linux-gnu/10.2.1/../../..] ==> [/usr/lib64]
  implicit libs: [stdc++;m;gcc_s;gcc;c;gcc_s;gcc]
  implicit objs: [/usr/lib64/Scrt1.o;/usr/lib64/crti.o;/usr/lib64/gcc/x86_64-unknown-linux-gnu/10.2.1/crtbeginS.o;/usr/lib64/gcc/x86_64-unknown-linux-gnu/10.2.1/crtendS.o;/usr/lib64/crtn.o]
  implicit dirs: [/usr/lib64/gcc/x86_64-unknown-linux-gnu/10.2.1;/usr/lib64;/lib64]
  implicit fwks: []


